[0.166s] DEBUG:colcon:Command line arguments: ['/usr/bin/colcon', 'build', '--packages-select', 'puzzlebot_sim', '--build-base', '/tmp/pb_build', '--install-base', '/tmp/pb_install', '--test-result-base', '/tmp/pb_log']
[0.166s] DEBUG:colcon:Parsed command line arguments: Namespace(log_base=None, log_level=None, verb_name='build', build_base='/tmp/pb_build', install_base='/tmp/pb_install', merge_install=False, symlink_install=False, test_result_base='/tmp/pb_log', continue_on_error=False, executor='parallel', parallel_workers=12, event_handlers=None, ignore_user_meta=False, metas=['./colcon.meta'], base_paths=['.'], packages_ignore=None, packages_ignore_regex=None, paths=None, packages_up_to=None, packages_up_to_regex=None, packages_above=None, packages_above_and_dependencies=None, packages_above_depth=None, packages_select_by_dep=None, packages_skip_by_dep=None, packages_skip_up_to=None, packages_select_build_failed=False, packages_skip_build_finished=False, packages_select_test_failures=False, packages_skip_test_passed=False, packages_select=['puzzlebot_sim'], packages_skip=None, packages_select_regex=None, packages_skip_regex=None, packages_start=None, packages_end=None, allow_overriding=[], cmake_args=None, cmake_target=None, cmake_target_skip_unavailable=False, cmake_clean_cache=False, cmake_clean_first=False, cmake_force_configure=False, ament_cmake_args=None, catkin_cmake_args=None, catkin_skip_building_tests=False, mixin_files=None, mixin=None, verb_parser=<colcon_mixin.mixin.mixin_argument.MixinArgumentDecorator object at 0x7a83a179da20>, verb_extension=<colcon_core.verb.build.BuildVerb object at 0x7a83a189b070>, main=<bound method BuildVerb.main of <colcon_core.verb.build.BuildVerb object at 0x7a83a189b070>>, mixin_verb=('build',))
[0.220s] Level 1:colcon.colcon_core.package_discovery:discover_packages(colcon_meta) check parameters
[0.220s] Level 1:colcon.colcon_core.package_discovery:discover_packages(recursive) check parameters
[0.220s] Level 1:colcon.colcon_core.package_discovery:discover_packages(ignore) check parameters
[0.220s] Level 1:colcon.colcon_core.package_discovery:discover_packages(path) check parameters
[0.220s] Level 1:colcon.colcon_core.package_discovery:discover_packages(colcon_meta) discover
[0.220s] Level 1:colcon.colcon_core.package_discovery:discover_packages(recursive) discover
[0.220s] INFO:colcon.colcon_core.package_discovery:Crawling recursively for packages in '/home/karinam/ros2_ws/src/puzzlebot_sim'
[0.220s] Level 1:colcon.colcon_core.package_identification:_identify(.) by extensions ['ignore', 'ignore_ament_install']
[0.221s] Level 1:colcon.colcon_core.package_identification:_identify(.) by extension 'ignore'
[0.221s] Level 1:colcon.colcon_core.package_identification:_identify(.) by extension 'ignore_ament_install'
[0.221s] Level 1:colcon.colcon_core.package_identification:_identify(.) by extensions ['colcon_pkg']
[0.221s] Level 1:colcon.colcon_core.package_identification:_identify(.) by extension 'colcon_pkg'
[0.221s] Level 1:colcon.colcon_core.package_identification:_identify(.) by extensions ['colcon_meta']
[0.221s] Level 1:colcon.colcon_core.package_identification:_identify(.) by extension 'colcon_meta'
[0.221s] Level 1:colcon.colcon_core.package_identification:_identify(.) by extensions ['ros']
[0.221s] Level 1:colcon.colcon_core.package_identification:_identify(.) by extension 'ros'
[0.261s] DEBUG:colcon.colcon_core.package_identification:Package '.' with type 'ros.ament_python' and name 'puzzlebot_sim'
[0.261s] Level 1:colcon.colcon_core.package_discovery:discover_packages(recursive) using defaults
[0.261s] Level 1:colcon.colcon_core.package_discovery:discover_packages(ignore) discover
[0.261s] Level 1:colcon.colcon_core.package_discovery:discover_packages(ignore) using defaults
[0.262s] Level 1:colcon.colcon_core.package_discovery:discover_packages(path) discover
[0.262s] Level 1:colcon.colcon_core.package_discovery:discover_packages(path) using defaults
[0.288s] Level 1:colcon.colcon_core.package_discovery:discover_packages(prefix_path) check parameters
[0.288s] Level 1:colcon.colcon_core.package_discovery:discover_packages(prefix_path) discover
[0.290s] DEBUG:colcon.colcon_installed_package_information.package_discovery:Found 1 installed packages in /home/karinam/uros_ws/install
[0.290s] DEBUG:colcon.colcon_installed_package_information.package_discovery:Found 2 installed packages in /home/karinam/ros2_ws/install
[0.291s] DEBUG:colcon.colcon_installed_package_information.package_discovery:Found 1 installed packages in /tmp/puzzlebot_sim_install
[0.294s] DEBUG:colcon.colcon_installed_package_information.package_discovery:Found 481 installed packages in /opt/ros/humble
[0.297s] Level 1:colcon.colcon_core.package_discovery:discover_packages(prefix_path) using defaults
[0.387s] Level 5:colcon.colcon_core.verb:set package 'puzzlebot_sim' build argument 'cmake_args' from command line to 'None'
[0.473s] Level 5:colcon.colcon_core.verb:set package 'puzzlebot_sim' build argument 'cmake_target' from command line to 'None'
[0.473s] Level 5:colcon.colcon_core.verb:set package 'puzzlebot_sim' build argument 'cmake_target_skip_unavailable' from command line to 'False'
[0.474s] Level 5:colcon.colcon_core.verb:set package 'puzzlebot_sim' build argument 'cmake_clean_cache' from command line to 'False'
[0.474s] Level 5:colcon.colcon_core.verb:set package 'puzzlebot_sim' build argument 'cmake_clean_first' from command line to 'False'
[0.474s] Level 5:colcon.colcon_core.verb:set package 'puzzlebot_sim' build argument 'cmake_force_configure' from command line to 'False'
[0.474s] Level 5:colcon.colcon_core.verb:set package 'puzzlebot_sim' build argument 'ament_cmake_args' from command line to 'None'
[0.474s] Level 5:colcon.colcon_core.verb:set package 'puzzlebot_sim' build argument 'catkin_cmake_args' from command line to 'None'
[0.474s] Level 5:colcon.colcon_core.verb:set package 'puzzlebot_sim' build argument 'catkin_skip_building_tests' from command line to 'False'
[0.474s] DEBUG:colcon.colcon_core.verb:Building package 'puzzlebot_sim' with the following arguments: {'ament_cmake_args': None, 'build_base': '/tmp/pb_build/puzzlebot_sim', 'catkin_cmake_args': None, 'catkin_skip_building_tests': False, 'cmake_args': None, 'cmake_clean_cache': False, 'cmake_clean_first': False, 'cmake_force_configure': False, 'cmake_target': None, 'cmake_target_skip_unavailable': False, 'install_base': '/tmp/pb_install/puzzlebot_sim', 'merge_install': False, 'path': '/home/karinam/ros2_ws/src/puzzlebot_sim', 'symlink_install': False, 'test_result_base': '/tmp/pb_log/puzzlebot_sim'}
[0.474s] INFO:colcon.colcon_core.executor:Executing jobs using 'parallel' executor
[0.476s] DEBUG:colcon.colcon_parallel_executor.executor.parallel:run_until_complete
[0.476s] INFO:colcon.colcon_ros.task.ament_python.build:Building ROS package in '/home/karinam/ros2_ws/src/puzzlebot_sim' with build type 'ament_python'
[0.476s] Level 1:colcon.colcon_core.shell:create_environment_hook('puzzlebot_sim', 'ament_prefix_path')
[0.480s] INFO:colcon.colcon_core.plugin_system:Skipping extension 'colcon_core.shell.bat': Not used on non-Windows systems
[0.481s] INFO:colcon.colcon_core.shell:Creating environment hook '/tmp/pb_install/puzzlebot_sim/share/puzzlebot_sim/hook/ament_prefix_path.ps1'
[0.482s] INFO:colcon.colcon_core.shell:Creating environment descriptor '/tmp/pb_install/puzzlebot_sim/share/puzzlebot_sim/hook/ament_prefix_path.dsv'
[0.483s] INFO:colcon.colcon_core.shell:Creating environment hook '/tmp/pb_install/puzzlebot_sim/share/puzzlebot_sim/hook/ament_prefix_path.sh'
[0.485s] INFO:colcon.colcon_core.shell:Skip shell extension 'powershell' for command environment: Not usable outside of PowerShell
[0.485s] DEBUG:colcon.colcon_core.shell:Skip shell extension 'dsv' for command environment
[0.845s] INFO:colcon.colcon_core.task.python.build:Building Python package in '/home/karinam/ros2_ws/src/puzzlebot_sim'
[0.846s] INFO:colcon.colcon_core.shell:Skip shell extension 'powershell' for command environment: Not usable outside of PowerShell
[0.846s] DEBUG:colcon.colcon_core.shell:Skip shell extension 'dsv' for command environment
[30.509s] DEBUG:colcon.colcon_core.event_handler.log_command:Invoking command in '/home/karinam/ros2_ws/src/puzzlebot_sim': PYTHONPATH=/tmp/pb_build/puzzlebot_sim/prefix_override:/usr/lib/python3/dist-packages/colcon_core/task/python/colcon_distutils_commands:/tmp/pb_install/puzzlebot_sim/lib/python3.10/site-packages:${PYTHONPATH} /usr/bin/python3 -W ignore:setup.py install is deprecated -W ignore:easy_install command is deprecated setup.py egg_info --egg-base ../../../../../tmp/pb_build/puzzlebot_sim build --build-base /tmp/pb_build/puzzlebot_sim/build install --record /tmp/pb_build/puzzlebot_sim/install.log --single-version-externally-managed install_data
[31.244s] DEBUG:colcon.colcon_core.event_handler.log_command:Invoked command in '/home/karinam/ros2_ws/src/puzzlebot_sim' returned '0': PYTHONPATH=/tmp/pb_build/puzzlebot_sim/prefix_override:/usr/lib/python3/dist-packages/colcon_core/task/python/colcon_distutils_commands:/tmp/pb_install/puzzlebot_sim/lib/python3.10/site-packages:${PYTHONPATH} /usr/bin/python3 -W ignore:setup.py install is deprecated -W ignore:easy_install command is deprecated setup.py egg_info --egg-base ../../../../../tmp/pb_build/puzzlebot_sim build --build-base /tmp/pb_build/puzzlebot_sim/build install --record /tmp/pb_build/puzzlebot_sim/install.log --single-version-externally-managed install_data
[31.248s] Level 1:colcon.colcon_core.environment:checking '/tmp/pb_install/puzzlebot_sim' for CMake module files
[31.249s] Level 1:colcon.colcon_core.environment:checking '/tmp/pb_install/puzzlebot_sim' for CMake config files
[31.408s] Level 1:colcon.colcon_core.environment:checking '/tmp/pb_install/puzzlebot_sim/lib'
[31.409s] Level 1:colcon.colcon_core.environment:checking '/tmp/pb_install/puzzlebot_sim/bin'
[31.409s] Level 1:colcon.colcon_core.environment:checking '/tmp/pb_install/puzzlebot_sim/lib/pkgconfig/puzzlebot_sim.pc'
[31.409s] Level 1:colcon.colcon_core.environment:checking '/tmp/pb_install/puzzlebot_sim/lib/python3.10/site-packages'
[31.409s] Level 1:colcon.colcon_core.shell:create_environment_hook('puzzlebot_sim', 'pythonpath')
[31.409s] INFO:colcon.colcon_core.shell:Creating environment hook '/tmp/pb_install/puzzlebot_sim/share/puzzlebot_sim/hook/pythonpath.ps1'
[31.415s] INFO:colcon.colcon_core.shell:Creating environment descriptor '/tmp/pb_install/puzzlebot_sim/share/puzzlebot_sim/hook/pythonpath.dsv'
[31.416s] INFO:colcon.colcon_core.shell:Creating environment hook '/tmp/pb_install/puzzlebot_sim/share/puzzlebot_sim/hook/pythonpath.sh'
[31.417s] Level 1:colcon.colcon_core.environment:checking '/tmp/pb_install/puzzlebot_sim/bin'
[31.417s] Level 1:colcon.colcon_core.environment:create_environment_scripts_only(puzzlebot_sim)
[31.418s] INFO:colcon.colcon_core.shell:Creating package script '/tmp/pb_install/puzzlebot_sim/share/puzzlebot_sim/package.ps1'
[31.419s] INFO:colcon.colcon_core.shell:Creating package descriptor '/tmp/pb_install/puzzlebot_sim/share/puzzlebot_sim/package.dsv'
[31.420s] INFO:colcon.colcon_core.shell:Creating package script '/tmp/pb_install/puzzlebot_sim/share/puzzlebot_sim/package.sh'
[31.421s] INFO:colcon.colcon_core.shell:Creating package script '/tmp/pb_install/puzzlebot_sim/share/puzzlebot_sim/package.bash'
[31.422s] INFO:colcon.colcon_core.shell:Creating package script '/tmp/pb_install/puzzlebot_sim/share/puzzlebot_sim/package.zsh'
[31.423s] Level 1:colcon.colcon_core.environment:create_file_with_runtime_dependencies(/tmp/pb_install/puzzlebot_sim/share/colcon-core/packages/puzzlebot_sim)
[31.423s] DEBUG:colcon.colcon_parallel_executor.executor.parallel:closing loop
[31.424s] DEBUG:colcon.colcon_parallel_executor.executor.parallel:loop closed
[31.424s] DEBUG:colcon.colcon_parallel_executor.executor.parallel:run_until_complete finished with '0'
[31.424s] DEBUG:colcon.colcon_core.event_reactor:joining thread
[31.430s] INFO:colcon.colcon_core.plugin_system:Skipping extension 'colcon_notification.desktop_notification.terminal_notifier': Not used on non-Darwin systems
[31.430s] INFO:colcon.colcon_core.plugin_system:Skipping extension 'colcon_notification.desktop_notification.win32': Not used on non-Windows systems
[31.431s] INFO:colcon.colcon_notification.desktop_notification:Sending desktop notification using 'notify2'
[31.431s] DEBUG:colcon.colcon_notification.desktop_notification.notify2:Failed to initialize notify2: org.freedesktop.DBus.Error.AccessDenied: Failed to connect to socket /run/user/1000/bus: Operation not permitted
[31.431s] DEBUG:colcon.colcon_core.event_reactor:joined thread
[31.431s] INFO:colcon.colcon_core.shell:Creating prefix script '/tmp/pb_install/local_setup.ps1'
[31.433s] INFO:colcon.colcon_core.shell:Creating prefix util module '/tmp/pb_install/_local_setup_util_ps1.py'
[31.436s] INFO:colcon.colcon_core.shell:Creating prefix chain script '/tmp/pb_install/setup.ps1'
[31.439s] INFO:colcon.colcon_core.shell:Creating prefix script '/tmp/pb_install/local_setup.sh'
[31.440s] INFO:colcon.colcon_core.shell:Creating prefix util module '/tmp/pb_install/_local_setup_util_sh.py'
[31.441s] INFO:colcon.colcon_core.shell:Creating prefix chain script '/tmp/pb_install/setup.sh'
[31.443s] INFO:colcon.colcon_core.shell:Creating prefix script '/tmp/pb_install/local_setup.bash'
[31.444s] INFO:colcon.colcon_core.shell:Creating prefix chain script '/tmp/pb_install/setup.bash'
[31.446s] INFO:colcon.colcon_core.shell:Creating prefix script '/tmp/pb_install/local_setup.zsh'
[31.447s] INFO:colcon.colcon_core.shell:Creating prefix chain script '/tmp/pb_install/setup.zsh'
