running egg_info
creating ../../../../../tmp/pb_build/puzzlebot_sim/puzzlebot_sim.egg-info
writing ../../../../../tmp/pb_build/puzzlebot_sim/puzzlebot_sim.egg-info/PKG-INFO
writing dependency_links to ../../../../../tmp/pb_build/puzzlebot_sim/puzzlebot_sim.egg-info/dependency_links.txt
writing entry points to ../../../../../tmp/pb_build/puzzlebot_sim/puzzlebot_sim.egg-info/entry_points.txt
writing requirements to ../../../../../tmp/pb_build/puzzlebot_sim/puzzlebot_sim.egg-info/requires.txt
writing top-level names to ../../../../../tmp/pb_build/puzzlebot_sim/puzzlebot_sim.egg-info/top_level.txt
writing manifest file '../../../../../tmp/pb_build/puzzlebot_sim/puzzlebot_sim.egg-info/SOURCES.txt'
reading manifest file '../../../../../tmp/pb_build/puzzlebot_sim/puzzlebot_sim.egg-info/SOURCES.txt'
writing manifest file '../../../../../tmp/pb_build/puzzlebot_sim/puzzlebot_sim.egg-info/SOURCES.txt'
running build
running build_py
creating /tmp/pb_build/puzzlebot_sim/build/lib/puzzlebot_sim
copying puzzlebot_sim/localisation.py -> /tmp/pb_build/puzzlebot_sim/build/lib/puzzlebot_sim
copying puzzlebot_sim/__init__.py -> /tmp/pb_build/puzzlebot_sim/build/lib/puzzlebot_sim
copying puzzlebot_sim/puzzlebot_sim.py -> /tmp/pb_build/puzzlebot_sim/build/lib/puzzlebot_sim
copying puzzlebot_sim/control.py -> /tmp/pb_build/puzzlebot_sim/build/lib/puzzlebot_sim
copying puzzlebot_sim/transforms.py -> /tmp/pb_build/puzzlebot_sim/build/lib/puzzlebot_sim
running install
running install_lib
creating /tmp/pb_install/puzzlebot_sim/lib/python3.10/site-packages/puzzlebot_sim
copying /tmp/pb_build/puzzlebot_sim/build/lib/puzzlebot_sim/localisation.py -> /tmp/pb_install/puzzlebot_sim/lib/python3.10/site-packages/puzzlebot_sim
copying /tmp/pb_build/puzzlebot_sim/build/lib/puzzlebot_sim/__init__.py -> /tmp/pb_install/puzzlebot_sim/lib/python3.10/site-packages/puzzlebot_sim
copying /tmp/pb_build/puzzlebot_sim/build/lib/puzzlebot_sim/puzzlebot_sim.py -> /tmp/pb_install/puzzlebot_sim/lib/python3.10/site-packages/puzzlebot_sim
copying /tmp/pb_build/puzzlebot_sim/build/lib/puzzlebot_sim/control.py -> /tmp/pb_install/puzzlebot_sim/lib/python3.10/site-packages/puzzlebot_sim
copying /tmp/pb_build/puzzlebot_sim/build/lib/puzzlebot_sim/transforms.py -> /tmp/pb_install/puzzlebot_sim/lib/python3.10/site-packages/puzzlebot_sim
byte-compiling /tmp/pb_install/puzzlebot_sim/lib/python3.10/site-packages/puzzlebot_sim/localisation.py to localisation.cpython-310.pyc
byte-compiling /tmp/pb_install/puzzlebot_sim/lib/python3.10/site-packages/puzzlebot_sim/__init__.py to __init__.cpython-310.pyc
byte-compiling /tmp/pb_install/puzzlebot_sim/lib/python3.10/site-packages/puzzlebot_sim/puzzlebot_sim.py to puzzlebot_sim.cpython-310.pyc
byte-compiling /tmp/pb_install/puzzlebot_sim/lib/python3.10/site-packages/puzzlebot_sim/control.py to control.cpython-310.pyc
byte-compiling /tmp/pb_install/puzzlebot_sim/lib/python3.10/site-packages/puzzlebot_sim/transforms.py to transforms.cpython-310.pyc
running install_data
creating /tmp/pb_install/puzzlebot_sim/share/ament_index/resource_index/packages
copying resource/puzzlebot_sim -> /tmp/pb_install/puzzlebot_sim/share/ament_index/resource_index/packages
copying package.xml -> /tmp/pb_install/puzzlebot_sim/share/puzzlebot_sim
creating /tmp/pb_install/puzzlebot_sim/share/puzzlebot_sim/launch
copying launch/part1.launch.py -> /tmp/pb_install/puzzlebot_sim/share/puzzlebot_sim/launch
copying launch/part2.launch.py -> /tmp/pb_install/puzzlebot_sim/share/puzzlebot_sim/launch
copying launch/part3.launch.py -> /tmp/pb_install/puzzlebot_sim/share/puzzlebot_sim/launch
copying launch/puzzlebot_sim.launch.py -> /tmp/pb_install/puzzlebot_sim/share/puzzlebot_sim/launch
creating /tmp/pb_install/puzzlebot_sim/share/puzzlebot_sim/config
creating /tmp/pb_install/puzzlebot_sim/share/puzzlebot_sim/rviz
copying rviz/puzzlebot_rviz.rviz -> /tmp/pb_install/puzzlebot_sim/share/puzzlebot_sim/rviz
creating /tmp/pb_install/puzzlebot_sim/share/puzzlebot_sim/meshes
copying meshes/Puzzlebot_Jetson_Lidar_Edition_Base(1).stl -> /tmp/pb_install/puzzlebot_sim/share/puzzlebot_sim/meshes
copying meshes/Puzzlebot_Caster_Wheel.stl -> /tmp/pb_install/puzzlebot_sim/share/puzzlebot_sim/meshes
copying meshes/Puzzlebot_Wheel.stl -> /tmp/pb_install/puzzlebot_sim/share/puzzlebot_sim/meshes
creating /tmp/pb_install/puzzlebot_sim/share/puzzlebot_sim/urdf
copying urdf/puzzlebot.urdf -> /tmp/pb_install/puzzlebot_sim/share/puzzlebot_sim/urdf
running install_egg_info
Copying ../../../../../tmp/pb_build/puzzlebot_sim/puzzlebot_sim.egg-info to /tmp/pb_install/puzzlebot_sim/lib/python3.10/site-packages/puzzlebot_sim-0.0.0-py3.10.egg-info
running install_scripts
Installing control script to /tmp/pb_install/puzzlebot_sim/lib/puzzlebot_sim
Installing localisation script to /tmp/pb_install/puzzlebot_sim/lib/puzzlebot_sim
Installing puzzlebot_sim script to /tmp/pb_install/puzzlebot_sim/lib/puzzlebot_sim
Installing puzzlebot_transforms script to /tmp/pb_install/puzzlebot_sim/lib/puzzlebot_sim
writing list of installed files to '/tmp/pb_build/puzzlebot_sim/install.log'
