[30.033s] Invoking command in '/home/karinam/ros2_ws/src/puzzlebot_sim': PYTHONPATH=/tmp/pb_build/puzzlebot_sim/prefix_override:/usr/lib/python3/dist-packages/colcon_core/task/python/colcon_distutils_commands:/tmp/pb_install/puzzlebot_sim/lib/python3.10/site-packages:${PYTHONPATH} /usr/bin/python3 -W ignore:setup.py install is deprecated -W ignore:easy_install command is deprecated setup.py egg_info --egg-base ../../../../../tmp/pb_build/puzzlebot_sim build --build-base /tmp/pb_build/puzzlebot_sim/build install --record /tmp/pb_build/puzzlebot_sim/install.log --single-version-externally-managed install_data
[30.482s] running egg_info
[30.514s] writing ../../../../../tmp/pb_build/puzzlebot_sim/puzzlebot_sim.egg-info/PKG-INFO
[30.515s] writing dependency_links to ../../../../../tmp/pb_build/puzzlebot_sim/puzzlebot_sim.egg-info/dependency_links.txt
[30.515s] writing entry points to ../../../../../tmp/pb_build/puzzlebot_sim/puzzlebot_sim.egg-info/entry_points.txt
[30.516s] writing requirements to ../../../../../tmp/pb_build/puzzlebot_sim/puzzlebot_sim.egg-info/requires.txt
[30.516s] writing top-level names to ../../../../../tmp/pb_build/puzzlebot_sim/puzzlebot_sim.egg-info/top_level.txt
[30.584s] reading manifest file '../../../../../tmp/pb_build/puzzlebot_sim/puzzlebot_sim.egg-info/SOURCES.txt'
[30.587s] writing manifest file '../../../../../tmp/pb_build/puzzlebot_sim/puzzlebot_sim.egg-info/SOURCES.txt'
[30.587s] running build
[30.587s] running build_py
[30.587s] copying puzzlebot_sim/localisation.py -> /tmp/pb_build/puzzlebot_sim/build/lib/puzzlebot_sim
[30.587s] copying puzzlebot_sim/__init__.py -> /tmp/pb_build/puzzlebot_sim/build/lib/puzzlebot_sim
[30.588s] copying puzzlebot_sim/puzzlebot_sim.py -> /tmp/pb_build/puzzlebot_sim/build/lib/puzzlebot_sim
[30.588s] copying puzzlebot_sim/control.py -> /tmp/pb_build/puzzlebot_sim/build/lib/puzzlebot_sim
[30.588s] copying puzzlebot_sim/transforms.py -> /tmp/pb_build/puzzlebot_sim/build/lib/puzzlebot_sim
[30.589s] running install
[30.596s] running install_lib
[30.627s] copying /tmp/pb_build/puzzlebot_sim/build/lib/puzzlebot_sim/localisation.py -> /tmp/pb_install/puzzlebot_sim/lib/python3.10/site-packages/puzzlebot_sim
[30.628s] byte-compiling /tmp/pb_install/puzzlebot_sim/lib/python3.10/site-packages/puzzlebot_sim/localisation.py to localisation.cpython-310.pyc
[30.629s] running install_data
[30.629s] copying package.xml -> /tmp/pb_install/puzzlebot_sim/share/puzzlebot_sim
[30.630s] copying launch/part1.launch.py -> /tmp/pb_install/puzzlebot_sim/share/puzzlebot_sim/launch
[30.630s] copying launch/part2.launch.py -> /tmp/pb_install/puzzlebot_sim/share/puzzlebot_sim/launch
[30.630s] copying launch/part3.launch.py -> /tmp/pb_install/puzzlebot_sim/share/puzzlebot_sim/launch
[30.631s] copying launch/puzzlebot_sim.launch.py -> /tmp/pb_install/puzzlebot_sim/share/puzzlebot_sim/launch
[30.631s] copying rviz/puzzlebot_rviz.rviz -> /tmp/pb_install/puzzlebot_sim/share/puzzlebot_sim/rviz
[30.631s] copying meshes/Puzzlebot_Jetson_Lidar_Edition_Base(1).stl -> /tmp/pb_install/puzzlebot_sim/share/puzzlebot_sim/meshes
[30.632s] copying meshes/Puzzlebot_Caster_Wheel.stl -> /tmp/pb_install/puzzlebot_sim/share/puzzlebot_sim/meshes
[30.632s] copying meshes/Puzzlebot_Wheel.stl -> /tmp/pb_install/puzzlebot_sim/share/puzzlebot_sim/meshes
[30.632s] copying urdf/puzzlebot.urdf -> /tmp/pb_install/puzzlebot_sim/share/puzzlebot_sim/urdf
[30.633s] running install_egg_info
[30.665s] removing '/tmp/pb_install/puzzlebot_sim/lib/python3.10/site-packages/puzzlebot_sim-0.0.0-py3.10.egg-info' (and everything under it)
[30.665s] Copying ../../../../../tmp/pb_build/puzzlebot_sim/puzzlebot_sim.egg-info to /tmp/pb_install/puzzlebot_sim/lib/python3.10/site-packages/puzzlebot_sim-0.0.0-py3.10.egg-info
[30.667s] running install_scripts
[30.732s] Installing control script to /tmp/pb_install/puzzlebot_sim/lib/puzzlebot_sim
[30.732s] Installing localisation script to /tmp/pb_install/puzzlebot_sim/lib/puzzlebot_sim
[30.733s] Installing puzzlebot_sim script to /tmp/pb_install/puzzlebot_sim/lib/puzzlebot_sim
[30.733s] Installing puzzlebot_transforms script to /tmp/pb_install/puzzlebot_sim/lib/puzzlebot_sim
[30.734s] writing list of installed files to '/tmp/pb_build/puzzlebot_sim/install.log'
[30.768s] Invoked command in '/home/karinam/ros2_ws/src/puzzlebot_sim' returned '0': PYTHONPATH=/tmp/pb_build/puzzlebot_sim/prefix_override:/usr/lib/python3/dist-packages/colcon_core/task/python/colcon_distutils_commands:/tmp/pb_install/puzzlebot_sim/lib/python3.10/site-packages:${PYTHONPATH} /usr/bin/python3 -W ignore:setup.py install is deprecated -W ignore:easy_install command is deprecated setup.py egg_info --egg-base ../../../../../tmp/pb_build/puzzlebot_sim build --build-base /tmp/pb_build/puzzlebot_sim/build install --record /tmp/pb_build/puzzlebot_sim/install.log --single-version-externally-managed install_data
